  Collision.cpp
e:\users\mitrd\source\repos\first_sdl\first_sdl\ecs\tilecomponent.h(23): warning C4244: '=': conversion from 'int' to 'float', possible loss of data
e:\users\mitrd\source\repos\first_sdl\first_sdl\ecs\tilecomponent.h(24): warning C4244: '=': conversion from 'int' to 'float', possible loss of data
e:\users\mitrd\source\repos\first_sdl\first_sdl\ecs\tilecomponent.h(35): warning C4244: '=': conversion from 'float' to 'int', possible loss of data
e:\users\mitrd\source\repos\first_sdl\first_sdl\ecs\tilecomponent.h(36): warning C4244: '=': conversion from 'float' to 'int', possible loss of data
  Game.cpp
e:\users\mitrd\source\repos\first_sdl\first_sdl\ecs\tilecomponent.h(23): warning C4244: '=': conversion from 'int' to 'float', possible loss of data
e:\users\mitrd\source\repos\first_sdl\first_sdl\ecs\tilecomponent.h(24): warning C4244: '=': conversion from 'int' to 'float', possible loss of data
e:\users\mitrd\source\repos\first_sdl\first_sdl\ecs\tilecomponent.h(35): warning C4244: '=': conversion from 'float' to 'int', possible loss of data
e:\users\mitrd\source\repos\first_sdl\first_sdl\ecs\tilecomponent.h(36): warning C4244: '=': conversion from 'float' to 'int', possible loss of data
e:\users\mitrd\source\repos\first_sdl\first_sdl\game.cpp(129): warning C4244: '+=': conversion from 'float' to 'int', possible loss of data
e:\users\mitrd\source\repos\first_sdl\first_sdl\game.cpp(130): warning C4244: '+=': conversion from 'float' to 'int', possible loss of data
e:\users\mitrd\source\repos\first_sdl\first_sdl\ecs\ecs.h(87): warning C4244: 'argument': conversion from '_Ty' to 'float', possible loss of data
          with
          [
              _Ty=int
          ]
  e:\users\mitrd\source\repos\first_sdl\first_sdl\game.cpp(72): note: see reference to function template instantiation 'T &Entity::addComponent<TransformComponent,int,int,int,int,int>(int &&,int &&,int &&,int &&,int &&)' being compiled
          with
          [
              T=TransformComponent
          ]
  Map.cpp
e:\users\mitrd\source\repos\first_sdl\first_sdl\ecs\tilecomponent.h(23): warning C4244: '=': conversion from 'int' to 'float', possible loss of data
e:\users\mitrd\source\repos\first_sdl\first_sdl\ecs\tilecomponent.h(24): warning C4244: '=': conversion from 'int' to 'float', possible loss of data
e:\users\mitrd\source\repos\first_sdl\first_sdl\ecs\tilecomponent.h(35): warning C4244: '=': conversion from 'float' to 'int', possible loss of data
e:\users\mitrd\source\repos\first_sdl\first_sdl\ecs\tilecomponent.h(36): warning C4244: '=': conversion from 'float' to 'int', possible loss of data
  Generating Code...
  First_SDL.vcxproj -> E:\Users\mitrd\source\repos\First_SDL\x64\Debug\First_SDL.exe
